<?xml version="1.0" encoding="UTF-8"?>
<!-- Generated by org.testng.reporters.JUnitXMLReporter -->
<testsuite ignored="1" hostname="DESKTOP-ONH4TII" failures="0" tests="1" name="Default test" time="34.933" errors="0" timestamp="12 jun 2024 02:58:05 GMT">
  <testcase classname="Test.testRegistro" name="registroNegativo" time="27.025"/>
  <testcase classname="Test.testRegistro" name="registroPositivo" time="0.0">
    <ignored/>
  </testcase> <!-- registroPositivo -->
</testsuite> <!-- Default test -->
