<?xml version="1.0" encoding="UTF-8"?>
<testng-results ignored="1" total="2" passed="1" failed="0" skipped="0">
  <reporter-output>
  </reporter-output>
  <suite started-at="2024-06-12T02:57:30Z" name="Default suite" finished-at="2024-06-12T02:58:05Z" duration-ms="34933">
    <groups>
    </groups>
    <test started-at="2024-06-12T02:57:30Z" name="Default test" finished-at="2024-06-12T02:58:05Z" duration-ms="34933">
      <class name="Test.testRegistro">
        <test-method is-config="true" signature="initialize()[pri:0, instance:Test.testRegistro@1349883]" started-at="2024-06-11T23:57:30Z" name="initialize" finished-at="2024-06-11T23:57:38Z" duration-ms="7889" status="PASS">
          <reporter-output>
          </reporter-output>
        </test-method> <!-- initialize -->
        <test-method signature="registroNegativo()[pri:2, instance:Test.testRegistro@1349883]" started-at="2024-06-11T23:57:38Z" name="registroNegativo" finished-at="2024-06-11T23:58:05Z" duration-ms="27025" status="PASS">
          <reporter-output>
          </reporter-output>
        </test-method> <!-- registroNegativo -->
        <test-method is-config="true" signature="TeardownTest()[pri:0, instance:Test.testRegistro@1349883]" started-at="2024-06-11T23:58:05Z" name="TeardownTest" finished-at="2024-06-11T23:58:05Z" duration-ms="2" status="PASS">
          <reporter-output>
          </reporter-output>
        </test-method> <!-- TeardownTest -->
      </class> <!-- Test.testRegistro -->
    </test> <!-- Default test -->
  </suite> <!-- Default suite -->
</testng-results>
